=== ROLLBACK via rollback.sh ===
Flock OS rollback (FLO-246)
---------------------------
  current tag: ws-tier-broken
  rollback to: ws-tier-good

==> deploying rollback tag ws-tier-good
    cmd: docker compose -f docker/docker-compose.yml -f docker/.runtime/ws-workers.yml --env-file docker/.env.docker up -d --no-deps --force-recreate web
 Container flock-ws-web-1 Recreate 
 Container flock-ws-web-1 Recreated 
 Container flock-ws-web-1 Starting 
 Container flock-ws-web-1 Started 
    rollback deploy applied.

==> post-rollback smoke
Flock OS staging smoke (FLO-246)
--------------------------------
site: http://flock_os.localhost:8100
ws:   ws://flock_os.localhost:9000/socket.io/?EIO=4&transport=websocket

==> [1/4] HTTP reachability + TLS
[1/4] FAIL (HTTP 502 — expected 2xx/3xx)
==> [2/4] Frappe API liveness (/api/method/ping)
[2/4] FAIL (/api/method/ping → '<html>
<head><title>502 Bad Gateway</title></head>
<body>
<center><h1>502 Bad'; expected 'pong')
==> [3/4] WebSocket connect smoke (ws://flock_os.localhost:9000/socket.io/?EIO=4&transport=websocket)
WS_OPEN_OK
[3/4] OK (WS handshake completed — scaled-socketio tier is up + adapter armed)
==> [4/4] Engagement asset smoke (bench build + web-worker restart)
      OK   /assets/flock_os/js/engage.js (200)
      OK   /assets/flock_os/js/engage-host.js (200)
      OK   /assets/flock_os/js/engagement-core.js (200)
      OK   /assets/flock_os/js/announce.js (200)
      OK   /assets/flock_os/css/engage.css (200)
[4/4] OK (engagement assets served — bench build ran + web worker restarted)
--------------------------------
SMOKE: FAIL — staging is not healthy; do NOT promote to prod.

ROLLBACK: APPLIED BUT UNHEALTHY — ws-tier-good is live but the smoke failed.
Investigate the bench logs; if ws-tier-good is broken, roll further back
(FLOCK_PREVIOUS_TAG=<older tag> scripts/deploy/rollback.sh).
ROLLBACK_EXIT=
